<?xml version="1.0" encoding="UTF-8"?>
<!-- Generated by org.testng.reporters.JUnitReportReporter -->
<testsuite hostname="Thinktime" failures="0" tests="10" name="Thinktime.TestFlow.ContactFormTest" time="171.850" errors="0" timestamp="2025-07-07T12:31:24 IST" skipped="0">
  <testcase classname="Thinktime.TestFlow.ContactFormTest" name="testContactForm" time="18.449"/>
  <testcase classname="Thinktime.TestFlow.ContactFormTest" name="testContactForm" time="18.050"/>
  <testcase classname="Thinktime.TestFlow.ContactFormTest" name="testContactForm" time="17.752"/>
  <testcase classname="Thinktime.TestFlow.ContactFormTest" name="testContactForm" time="16.760"/>
  <testcase classname="Thinktime.TestFlow.ContactFormTest" name="testContactForm" time="16.082"/>
  <testcase classname="Thinktime.TestFlow.ContactFormTest" name="testContactForm" time="16.371"/>
  <testcase classname="Thinktime.TestFlow.ContactFormTest" name="testContactForm" time="18.448"/>
  <testcase classname="Thinktime.TestFlow.ContactFormTest" name="testContactForm" time="18.431"/>
  <testcase classname="Thinktime.TestFlow.ContactFormTest" name="testContactForm" time="16.082"/>
  <testcase classname="Thinktime.TestFlow.ContactFormTest" name="testContactForm" time="15.425"/>
</testsuite> <!-- Thinktime.TestFlow.ContactFormTest -->
