<?xml version="1.0" encoding="UTF-8"?>
<!-- Generated by org.testng.reporters.JUnitReportReporter -->
<testsuite hostname="Thinktime" failures="0" tests="10" name="Thinktime.TestFlow.ContactFormTest" time="182.331" errors="0" timestamp="2025-07-07T12:36:14 IST" skipped="0">
  <testcase classname="Thinktime.TestFlow.ContactFormTest" name="testContactForm" time="18.543"/>
  <testcase classname="Thinktime.TestFlow.ContactFormTest" name="testContactForm" time="17.970"/>
  <testcase classname="Thinktime.TestFlow.ContactFormTest" name="testContactForm" time="18.458"/>
  <testcase classname="Thinktime.TestFlow.ContactFormTest" name="testContactForm" time="17.463"/>
  <testcase classname="Thinktime.TestFlow.ContactFormTest" name="testContactForm" time="19.182"/>
  <testcase classname="Thinktime.TestFlow.ContactFormTest" name="testContactForm" time="18.529"/>
  <testcase classname="Thinktime.TestFlow.ContactFormTest" name="testContactForm" time="17.873"/>
  <testcase classname="Thinktime.TestFlow.ContactFormTest" name="testContactForm" time="18.559"/>
  <testcase classname="Thinktime.TestFlow.ContactFormTest" name="testContactForm" time="17.955"/>
  <testcase classname="Thinktime.TestFlow.ContactFormTest" name="testContactForm" time="17.799"/>
</testsuite> <!-- Thinktime.TestFlow.ContactFormTest -->
